\BOOKMARK [0][-]{cover.0}{中文封面}{}% 1
\BOOKMARK [0][-]{abstract.0}{中文摘要}{}% 2
\BOOKMARK [0][-]{englishabstract.0}{英文摘要}{}% 3
\BOOKMARK [0][-]{chapter*.1}{目 录}{}% 4
\BOOKMARK [0][-]{chapter*.2}{插图清单}{}% 5
\BOOKMARK [0][-]{chapter*.3}{附表清单}{}% 6
\BOOKMARK [0][-]{chapter.1}{1 标题}{}% 7
\BOOKMARK [1][-]{section.1.1}{1.1 这是节标题}{chapter.1}% 8
\BOOKMARK [2][-]{subsection.1.1.1}{1.1.1 这是小节标题}{section.1.1}% 9
\BOOKMARK [0][-]{chapter.2}{2 正文}{}% 10
\BOOKMARK [1][-]{section.2.1}{2.1 正文书写的小技巧}{chapter.2}% 11
\BOOKMARK [1][-]{section.2.2}{2.2 一些正文中的标记}{chapter.2}% 12
\BOOKMARK [1][-]{section.2.3}{2.3 注意软换行的使用}{chapter.2}% 13
\BOOKMARK [0][-]{chapter.3}{3 表格}{}% 14
\BOOKMARK [1][-]{section.3.1}{3.1 表格与表格引用的基本概念}{chapter.3}% 15
\BOOKMARK [1][-]{section.3.2}{3.2 基本表格}{chapter.3}% 16
\BOOKMARK [1][-]{section.3.3}{3.3 表格单元跨列}{chapter.3}% 17
\BOOKMARK [1][-]{section.3.4}{3.4 表格单元跨行}{chapter.3}% 18
\BOOKMARK [1][-]{section.3.5}{3.5 表格与图形位置}{chapter.3}% 19
\BOOKMARK [1][-]{section.3.6}{3.6 普通表格（非三线表）}{chapter.3}% 20
\BOOKMARK [0][-]{chapter.4}{4 图形}{}% 21
\BOOKMARK [1][-]{section.4.1}{4.1 基本图形}{chapter.4}% 22
\BOOKMARK [1][-]{section.4.2}{4.2 引用代码}{chapter.4}% 23
\BOOKMARK [1][-]{section.4.3}{4.3 其它图引用}{chapter.4}% 24
\BOOKMARK [0][-]{chapter.5}{5 公式}{}% 25
\BOOKMARK [1][-]{section.5.1}{5.1 公式5.1与论证}{chapter.5}% 26
\BOOKMARK [1][-]{section.5.2}{5.2 公式5.2与论证}{chapter.5}% 27
\BOOKMARK [1][-]{section.5.3}{5.3 公式5.3与论证}{chapter.5}% 28
\BOOKMARK [1][-]{section.5.4}{5.4 原模板中的其它公式}{chapter.5}% 29
\BOOKMARK [0][-]{chapter.6}{6 算法}{}% 30
\BOOKMARK [0][-]{chapter.7}{7 论文引用}{}% 31
\BOOKMARK [1][-]{section.7.1}{7.1 引文相关}{chapter.7}% 32
\BOOKMARK [0][-]{chapter*.11}{致 谢}{}% 33
\BOOKMARK [0][-]{chapter*.12}{参考文献}{}% 34
\BOOKMARK [0][-]{appendix.A}{A 附录代码}{}% 35
\BOOKMARK [1][-]{section.A.1}{A.1 main函数}{appendix.A}% 36
\BOOKMARK [0][-]{appendix*.13}{简历与科研成果}{}% 37
